<?xml version="1.0" encoding="UTF-8"?>
<testng-results skipped="0" failed="0" ignored="0" total="1" passed="1">
  <reporter-output>
    <line>
      <![CDATA[              ]]>
    </line>
    <line>
      <![CDATA[----------------------------------当前执行的caseNo为： P012_通讯录无联系人--------------------------------------------]]>
    </line>
    <line>
      <![CDATA[               ]]>
    </line>
    <line>
      <![CDATA[新增loginName为：ceshi01的p2p_customer表的数据成功]]>
    </line>
    <line>
      <![CDATA[添加loginName为：ceshi01的p2p_base_customer表的数据成功]]>
    </line>
    <line>
      <![CDATA[添加p2p_cert_auth表的参数为： {"cardNo":"6217001000000000201","idNo":"220322199901297363","certAuthStatus":"AS","userRole":"BORROWERS","custName":"王宁"}]]>
    </line>
    <line>
      <![CDATA[添加custId为：715005293的p2p_cert_auth表的数据成功]]>
    </line>
    <line>
      <![CDATA[添加p2p_cust_account表的参数为： {"cardNo":"6217001000000000201","idNo":"220322199901297363","certAuthStatus":"AS","userRole":"BORROWERS","custName":"王宁"}]]>
    </line>
    <line>
      <![CDATA[添加certAuth为： {"cardNo":"6217001000000000201","idNo":"220322199901297363","certAuthStatus":"AS","userRole":"BORROWERS","custName":"王宁"}的p2p_cust_account表数据成功]]>
    </line>
    <line>
      <![CDATA[添加p2p_account_bankcard表的参数为： {"cardNo":"6217001000000000201","idNo":"220322199901297363","certAuthStatus":"AS","userRole":"BORROWERS","custName":"王宁"}]]>
    </line>
    <line>
      <![CDATA[添加卡号为：6217001000000000201的p2p_account_bankcard表信息成功]]>
    </line>
    <line>
      <![CDATA[添加p2p_base_account表的参数为： {"cardNo":"6217001000000000201","idNo":"220322199901297363","certAuthStatus":"AS","userRole":"BORROWERS","custName":"王宁"}]]>
    </line>
    <line>
      <![CDATA[添加acctNo为：6217001000000000201的p2p_base_account表信息成功]]>
    </line>
    <line>
      <![CDATA[添加p2p_account_bankcard_log表的参数为： {"cardNo":"6217001000000000201","idNo":"220322199901297363","certAuthStatus":"AS","userRole":"BORROWERS","custName":"王宁"}]]>
    </line>
    <line>
      <![CDATA[添加卡号为：6217001000000000201的p2p_account_bankcard_log表的信息成功]]>
    </line>
    <line>
      <![CDATA[添加p2p_third_account表的参数为： {"cardNo":"6217001000000000201","idNo":"220322199901297363","certAuthStatus":"AS","userRole":"BORROWERS","custName":"王宁"}]]>
    </line>
    <line>
      <![CDATA[添加custId为： 715005293的p2p_third_account表的数据成功]]>
    </line>
    <line>
      <![CDATA[添加acctNo为：6217001000000000201的p2p_account_check表信息成功]]>
    </line>
    <line>
      <![CDATA[添加custId为： 715005293的p2p_cust_credit_info表数据成功]]>
    </line>
    <line>
      <![CDATA[更新certAuth为： {"cardNo":"6217001000000000201","idNo":"220322199901297363","certAuthStatus":"AS","userRole":"BORROWERS","custName":"王宁"}的数据成功]]>
    </line>
    <line>
      <![CDATA[更新phoneAuth为： {"phoneAuthStatus":"AS","mobile":"18000000010"}的数据成功]]>
    </line>
    <line>
      <![CDATA[添加p2p_student_cust表的参数为：{"clogLevel":"本科","schoolRollAuthStatus":"AS","entranceTime":"2014-09-01","province":"江苏省","collegeName":"苏州大学","city":"苏州市"}]]>
    </line>
    <line>
      <![CDATA[添加custId为：715005293的p2p_student_cust表的数据成功]]>
    </line>
    <line>
      <![CDATA[添加p2p_student_info表的参数为： {"clogLevel":"本科","schoolRollAuthStatus":"AS","entranceTime":"2014-09-01","province":"江苏省","collegeName":"苏州大学","city":"苏州市"}]]>
    </line>
    <line>
      <![CDATA[添加custId为：715005293的p2p_student_info表的数据成功]]>
    </line>
    <line>
      <![CDATA[添加ex_StudentCreditInfo表的参数为： {"clogLevel":"本科","schoolRollAuthStatus":"AS","entranceTime":"2014-09-01","province":"江苏省","collegeName":"苏州大学","city":"苏州市"}]]>
    </line>
    <line>
      <![CDATA[添加学籍认证信息为：{"clogLevel":"本科","schoolRollAuthStatus":"AS","entranceTime":"2014-09-01","province":"江苏省","collegeName":"苏州大学","city":"苏州市"}的ex_StudentCreditInfo表信息成功]]>
    </line>
    <line>
      <![CDATA[更新schoolRollAuth为： {"clogLevel":"本科","schoolRollAuthStatus":"AS","entranceTime":"2014-09-01","province":"江苏省","collegeName":"苏州大学","city":"苏州市"}的数据成功]]>
    </line>
    <line>
      <![CDATA[添加p2p_customer_education_log表的参数为： {"clogLevel":"本科","entranceTime":"2011-07-01","educationAuthStatus":"AF","collegeName":"苏州大学"}]]>
    </line>
    <line>
      <![CDATA[添加custId为：715005293的p2p_customer_education_log表的数据成功]]>
    </line>
    <line>
      <![CDATA[更新educationAuth为： {"clogLevel":"本科","entranceTime":"2011-07-01","educationAuthStatus":"AF","collegeName":"苏州大学"}的数据成功]]>
    </line>
    <line>
      <![CDATA[添加p2p_linkface_auth表的参数为： {"photoAuthStatus":"AS"}]]>
    </line>
    <line>
      <![CDATA[添加custId为：715005293的p2p_linkface_auth表的数据成功]]>
    </line>
    <line>
      <![CDATA[添加custId为：715005293的p2p_linkface_msg表的数据成功]]>
    </line>
    <line>
      <![CDATA[更新photoAuth为： {"photoAuthStatus":"AS"}的数据成功]]>
    </line>
    <line>
      <![CDATA[添加p2p_customer_contactor表的参数为： { "province":"江苏省", "city":"苏州市", "contractor":[ {"name":"父母","relation":"父母","mobile":"15221526888"}, {"name":"配偶","relation":"配偶","mobile":"15221525888"} ] }]]>
    </line>
    <line>
      <![CDATA[添加的联系人信息为： { "province":"江苏省", "city":"苏州市", "contractor":[ {"name":"父母","relation":"父母","mobile":"15221526888"}, {"name":"配偶","relation":"配偶","mobile":"15221525888"} ] }]]>
    </line>
    <line>
      <![CDATA[添加custId为：715005293的p2p_customer_contactor表的数据成功]]>
    </line>
    <line>
      <![CDATA[添加p2p_cust_top_contactor表的参数为： { "province":"江苏省", "city":"苏州市", "contractor":[ {"name":"父母","relation":"父母","mobile":"15221526888"}, {"name":"配偶","relation":"配偶","mobile":"15221525888"} ] }]]>
    </line>
    <line>
      <![CDATA[添加custId为：715005293的p2p_cust_top_contactor表的数据成功]]>
    </line>
    <line>
      <![CDATA[添加p2p_cust_top_contactor表的参数为： { "province":"江苏省", "city":"苏州市", "contractor":[ {"name":"父母","relation":"父母","mobile":"15221526888"}, {"name":"配偶","relation":"配偶","mobile":"15221525888"} ] }]]>
    </line>
    <line>
      <![CDATA[添加custId为：715005293的p2p_cust_top_contactor表的数据成功]]>
    </line>
    <line>
      <![CDATA[添加的通讯认证参数为 ： {"jxlMobileAuthStatus":"AS","authTime":"2017-06-15"}]]>
    </line>
    <line>
      <![CDATA[添加custId为：715005293的p2p_juxinli_mobile_auth表的数据成功]]>
    </line>
    <line>
      <![CDATA[添加的通讯认证参数为 ： {"jxlMobileAuthStatus":"AS","authTime":"2017-06-15"}]]>
    </line>
    <line>
      <![CDATA[添加custId为：715005293的p2p_juxinli_mobile_auth表的数据成功]]>
    </line>
    <line>
      <![CDATA[添加custId为：715005293的p2p_juxinli_mobile_log表的数据成功]]>
    </line>
    <line>
      <![CDATA[添加jxl_primary_info表的参数为： {"jxlMobileAuthStatus":"AS","authTime":"2017-06-15"}]]>
    </line>
    <line>
      <![CDATA[添加通讯认证的信息为：{"jxlMobileAuthStatus":"AS","authTime":"2017-06-15"}的jxl_primary_info表信息成功]]>
    </line>
    <line>
      <![CDATA[更新addrAuth为： {"fullAddr":"苏州市高新区","addrAuthStatus":"AS","nowCity":"苏州市","nowProvince":"江苏省"}的数据成功]]>
    </line>
    <line>
      <![CDATA[请求额度计算接口的custId为： 715005293mobileSign为 ：]]>
    </line>
    <line>
      <![CDATA[请求地址为：http://192.168.101.201:26500/VCC/auditCustAdmittance]]>
    </line>
    <line>
      <![CDATA[请求成功接口返回:HTTP/1.1 200 OK]]>
    </line>
    <line>
      <![CDATA[根据projectNo： custId: 715005293remark: P012获取的风控审批记录为 AUDIT_RETURN]]>
    </line>
    <line>
      <![CDATA[期望结果为：AUDIT_RETURN]]>
    </line>
    <line>
      <![CDATA[实际结果为：AUDIT_RETURN]]>
    </line>
    <line>
      <![CDATA[用例执行结果为：Passed]]>
    </line>
    <line>
      <![CDATA[               ]]>
    </line>
    <line>
      <![CDATA[-----------------------------------caseNo： P012_通讯录无联系人执行完毕---------------------------------------------]]>
    </line>
    <line>
      <![CDATA[               ]]>
    </line>
  </reporter-output>
  <suite name="Default suite" duration-ms="4797" started-at="2017-07-06T04:38:01Z" finished-at="2017-07-06T04:38:05Z">
    <groups>
    </groups>
    <test name="Default test" duration-ms="4797" started-at="2017-07-06T04:38:01Z" finished-at="2017-07-06T04:38:05Z">
      <class name="com.fkapi.vcc.ExcuteVccApplyCase">
        <test-method status="PASS" signature="excute(java.lang.String, java.lang.String, java.lang.String, java.lang.String, java.lang.String, java.lang.String, java.lang.String, java.lang.String)[pri:0, instance:com.fkapi.vcc.ExcuteVccCase@3fae84c3]" name="excute" duration-ms="3883" started-at="2017-07-06T12:38:02Z" data-provider="getData" finished-at="2017-07-06T12:38:05Z">
          <params>
            <param index="0">
              <value>
                <![CDATA[P012_通讯录无联系人]]>
              </value>
            </param>
            <param index="1">
              <value>
                <![CDATA[1]]>
              </value>
            </param>
            <param index="2">
              <value>
                <![CDATA[allpass]]>
              </value>
            </param>
            <param index="3">
              <value>
                <![CDATA[通讯录无数据]]>
              </value>
            </param>
            <param index="4">
              <value>
                <![CDATA[P012]]>
              </value>
            </param>
            <param index="5">
              <value>
                <![CDATA[AUDIT_RETURN]]>
              </value>
            </param>
            <param index="6">
              <value>
                <![CDATA[AUDIT_RETURN]]>
              </value>
            </param>
            <param index="7">
              <value>
                <![CDATA[Passed]]>
              </value>
            </param>
          </params>
          <reporter-output>
            <line>
              <![CDATA[              ]]>
            </line>
            <line>
              <![CDATA[----------------------------------当前执行的caseNo为： P012_通讯录无联系人--------------------------------------------]]>
            </line>
            <line>
              <![CDATA[               ]]>
            </line>
            <line>
              <![CDATA[新增loginName为：ceshi01的p2p_customer表的数据成功]]>
            </line>
            <line>
              <![CDATA[添加loginName为：ceshi01的p2p_base_customer表的数据成功]]>
            </line>
            <line>
              <![CDATA[添加p2p_cert_auth表的参数为： {"cardNo":"6217001000000000201","idNo":"220322199901297363","certAuthStatus":"AS","userRole":"BORROWERS","custName":"王宁"}]]>
            </line>
            <line>
              <![CDATA[添加custId为：715005293的p2p_cert_auth表的数据成功]]>
            </line>
            <line>
              <![CDATA[添加p2p_cust_account表的参数为： {"cardNo":"6217001000000000201","idNo":"220322199901297363","certAuthStatus":"AS","userRole":"BORROWERS","custName":"王宁"}]]>
            </line>
            <line>
              <![CDATA[添加certAuth为： {"cardNo":"6217001000000000201","idNo":"220322199901297363","certAuthStatus":"AS","userRole":"BORROWERS","custName":"王宁"}的p2p_cust_account表数据成功]]>
            </line>
            <line>
              <![CDATA[添加p2p_account_bankcard表的参数为： {"cardNo":"6217001000000000201","idNo":"220322199901297363","certAuthStatus":"AS","userRole":"BORROWERS","custName":"王宁"}]]>
            </line>
            <line>
              <![CDATA[添加卡号为：6217001000000000201的p2p_account_bankcard表信息成功]]>
            </line>
            <line>
              <![CDATA[添加p2p_base_account表的参数为： {"cardNo":"6217001000000000201","idNo":"220322199901297363","certAuthStatus":"AS","userRole":"BORROWERS","custName":"王宁"}]]>
            </line>
            <line>
              <![CDATA[添加acctNo为：6217001000000000201的p2p_base_account表信息成功]]>
            </line>
            <line>
              <![CDATA[添加p2p_account_bankcard_log表的参数为： {"cardNo":"6217001000000000201","idNo":"220322199901297363","certAuthStatus":"AS","userRole":"BORROWERS","custName":"王宁"}]]>
            </line>
            <line>
              <![CDATA[添加卡号为：6217001000000000201的p2p_account_bankcard_log表的信息成功]]>
            </line>
            <line>
              <![CDATA[添加p2p_third_account表的参数为： {"cardNo":"6217001000000000201","idNo":"220322199901297363","certAuthStatus":"AS","userRole":"BORROWERS","custName":"王宁"}]]>
            </line>
            <line>
              <![CDATA[添加custId为： 715005293的p2p_third_account表的数据成功]]>
            </line>
            <line>
              <![CDATA[添加acctNo为：6217001000000000201的p2p_account_check表信息成功]]>
            </line>
            <line>
              <![CDATA[添加custId为： 715005293的p2p_cust_credit_info表数据成功]]>
            </line>
            <line>
              <![CDATA[更新certAuth为： {"cardNo":"6217001000000000201","idNo":"220322199901297363","certAuthStatus":"AS","userRole":"BORROWERS","custName":"王宁"}的数据成功]]>
            </line>
            <line>
              <![CDATA[更新phoneAuth为： {"phoneAuthStatus":"AS","mobile":"18000000010"}的数据成功]]>
            </line>
            <line>
              <![CDATA[添加p2p_student_cust表的参数为：{"clogLevel":"本科","schoolRollAuthStatus":"AS","entranceTime":"2014-09-01","province":"江苏省","collegeName":"苏州大学","city":"苏州市"}]]>
            </line>
            <line>
              <![CDATA[添加custId为：715005293的p2p_student_cust表的数据成功]]>
            </line>
            <line>
              <![CDATA[添加p2p_student_info表的参数为： {"clogLevel":"本科","schoolRollAuthStatus":"AS","entranceTime":"2014-09-01","province":"江苏省","collegeName":"苏州大学","city":"苏州市"}]]>
            </line>
            <line>
              <![CDATA[添加custId为：715005293的p2p_student_info表的数据成功]]>
            </line>
            <line>
              <![CDATA[添加ex_StudentCreditInfo表的参数为： {"clogLevel":"本科","schoolRollAuthStatus":"AS","entranceTime":"2014-09-01","province":"江苏省","collegeName":"苏州大学","city":"苏州市"}]]>
            </line>
            <line>
              <![CDATA[添加学籍认证信息为：{"clogLevel":"本科","schoolRollAuthStatus":"AS","entranceTime":"2014-09-01","province":"江苏省","collegeName":"苏州大学","city":"苏州市"}的ex_StudentCreditInfo表信息成功]]>
            </line>
            <line>
              <![CDATA[更新schoolRollAuth为： {"clogLevel":"本科","schoolRollAuthStatus":"AS","entranceTime":"2014-09-01","province":"江苏省","collegeName":"苏州大学","city":"苏州市"}的数据成功]]>
            </line>
            <line>
              <![CDATA[添加p2p_customer_education_log表的参数为： {"clogLevel":"本科","entranceTime":"2011-07-01","educationAuthStatus":"AF","collegeName":"苏州大学"}]]>
            </line>
            <line>
              <![CDATA[添加custId为：715005293的p2p_customer_education_log表的数据成功]]>
            </line>
            <line>
              <![CDATA[更新educationAuth为： {"clogLevel":"本科","entranceTime":"2011-07-01","educationAuthStatus":"AF","collegeName":"苏州大学"}的数据成功]]>
            </line>
            <line>
              <![CDATA[添加p2p_linkface_auth表的参数为： {"photoAuthStatus":"AS"}]]>
            </line>
            <line>
              <![CDATA[添加custId为：715005293的p2p_linkface_auth表的数据成功]]>
            </line>
            <line>
              <![CDATA[添加custId为：715005293的p2p_linkface_msg表的数据成功]]>
            </line>
            <line>
              <![CDATA[更新photoAuth为： {"photoAuthStatus":"AS"}的数据成功]]>
            </line>
            <line>
              <![CDATA[添加p2p_customer_contactor表的参数为： { "province":"江苏省", "city":"苏州市", "contractor":[ {"name":"父母","relation":"父母","mobile":"15221526888"}, {"name":"配偶","relation":"配偶","mobile":"15221525888"} ] }]]>
            </line>
            <line>
              <![CDATA[添加的联系人信息为： { "province":"江苏省", "city":"苏州市", "contractor":[ {"name":"父母","relation":"父母","mobile":"15221526888"}, {"name":"配偶","relation":"配偶","mobile":"15221525888"} ] }]]>
            </line>
            <line>
              <![CDATA[添加custId为：715005293的p2p_customer_contactor表的数据成功]]>
            </line>
            <line>
              <![CDATA[添加p2p_cust_top_contactor表的参数为： { "province":"江苏省", "city":"苏州市", "contractor":[ {"name":"父母","relation":"父母","mobile":"15221526888"}, {"name":"配偶","relation":"配偶","mobile":"15221525888"} ] }]]>
            </line>
            <line>
              <![CDATA[添加custId为：715005293的p2p_cust_top_contactor表的数据成功]]>
            </line>
            <line>
              <![CDATA[添加p2p_cust_top_contactor表的参数为： { "province":"江苏省", "city":"苏州市", "contractor":[ {"name":"父母","relation":"父母","mobile":"15221526888"}, {"name":"配偶","relation":"配偶","mobile":"15221525888"} ] }]]>
            </line>
            <line>
              <![CDATA[添加custId为：715005293的p2p_cust_top_contactor表的数据成功]]>
            </line>
            <line>
              <![CDATA[添加的通讯认证参数为 ： {"jxlMobileAuthStatus":"AS","authTime":"2017-06-15"}]]>
            </line>
            <line>
              <![CDATA[添加custId为：715005293的p2p_juxinli_mobile_auth表的数据成功]]>
            </line>
            <line>
              <![CDATA[添加的通讯认证参数为 ： {"jxlMobileAuthStatus":"AS","authTime":"2017-06-15"}]]>
            </line>
            <line>
              <![CDATA[添加custId为：715005293的p2p_juxinli_mobile_auth表的数据成功]]>
            </line>
            <line>
              <![CDATA[添加custId为：715005293的p2p_juxinli_mobile_log表的数据成功]]>
            </line>
            <line>
              <![CDATA[添加jxl_primary_info表的参数为： {"jxlMobileAuthStatus":"AS","authTime":"2017-06-15"}]]>
            </line>
            <line>
              <![CDATA[添加通讯认证的信息为：{"jxlMobileAuthStatus":"AS","authTime":"2017-06-15"}的jxl_primary_info表信息成功]]>
            </line>
            <line>
              <![CDATA[更新addrAuth为： {"fullAddr":"苏州市高新区","addrAuthStatus":"AS","nowCity":"苏州市","nowProvince":"江苏省"}的数据成功]]>
            </line>
            <line>
              <![CDATA[请求额度计算接口的custId为： 715005293mobileSign为 ：]]>
            </line>
            <line>
              <![CDATA[请求地址为：http://192.168.101.201:26500/VCC/auditCustAdmittance]]>
            </line>
            <line>
              <![CDATA[请求成功接口返回:HTTP/1.1 200 OK]]>
            </line>
            <line>
              <![CDATA[根据projectNo： custId: 715005293remark: P012获取的风控审批记录为 AUDIT_RETURN]]>
            </line>
            <line>
              <![CDATA[期望结果为：AUDIT_RETURN]]>
            </line>
            <line>
              <![CDATA[实际结果为：AUDIT_RETURN]]>
            </line>
            <line>
              <![CDATA[用例执行结果为：Passed]]>
            </line>
            <line>
              <![CDATA[               ]]>
            </line>
            <line>
              <![CDATA[-----------------------------------caseNo： P012_通讯录无联系人执行完毕---------------------------------------------]]>
            </line>
            <line>
              <![CDATA[               ]]>
            </line>
          </reporter-output>
        </test-method> <!-- excute -->
      </class> <com.fkapi.vcc.ExcuteVccApplyCaseyCaseCase -->
    </test> <!-- Default test -->
  </suite> <!-- Default suite -->
</testng-results>
